# JRE version: Java(TM) SE Runtime Environment (8.0_73-b02) (build 1.8.0_73-b02)
# Java VM: Java HotSpot(TM) 64-Bit Server VM (25.73-b02 mixed mode windows-amd64 compressed oops)
Heap:
 PSYoungGen      total 38400K, used 30930K [0x00000000eac00000, 0x00000000ee180000, 0x0000000100000000)
  eden space 32256K, 82% used [0x00000000eac00000,0x00000000ec614e68,0x00000000ecb80000)
  from space 6144K, 68% used [0x00000000ecb80000,0x00000000ecf9fa70,0x00000000ed180000)
  to   space 6144K, 0% used [0x00000000edb80000,0x00000000edb80000,0x00000000ee180000)
 ParOldGen       total 35328K, used 9075K [0x00000000c0400000, 0x00000000c2680000, 0x00000000eac00000)
  object space 35328K, 25% used [0x00000000c0400000,0x00000000c0cdcdd0,0x00000000c2680000)
 Metaspace       used 32196K, capacity 32464K, committed 32768K, reserved 1079296K
  class space    used 3364K, capacity 3465K, committed 3584K, reserved 1048576K
GC Heap History (10 events):
Event: 8.047 GC heap before
{Heap before GC invocations=8 (full 0):
 PSYoungGen      total 22528K, used 20650K [0x00000000eac00000, 0x00000000ed800000, 0x0000000100000000)
  eden space 16384K, 100% used [0x00000000eac00000,0x00000000ebc00000,0x00000000ebc00000)
  from space 6144K, 69% used [0x00000000ebc00000,0x00000000ec02a808,0x00000000ec200000)
  to   space 6144K, 0% used [0x00000000ed200000,0x00000000ed200000,0x00000000ed800000)
 ParOldGen       total 44032K, used 9686K [0x00000000c0400000, 0x00000000c2f00000, 0x00000000eac00000)
  object space 44032K, 21% used [0x00000000c0400000,0x00000000c0d759b8,0x00000000c2f00000)
 Metaspace       used 19495K, capacity 19748K, committed 19968K, reserved 1067008K
  class space    used 1932K, capacity 2023K, committed 2048K, reserved 1048576K
Event: 8.053 GC heap after
Heap after GC invocations=8 (full 0):
 PSYoungGen      total 38912K, used 2940K [0x00000000eac00000, 0x00000000ed800000, 0x0000000100000000)
  eden space 32768K, 0% used [0x00000000eac00000,0x00000000eac00000,0x00000000ecc00000)
  from space 6144K, 47% used [0x00000000ed200000,0x00000000ed4df038,0x00000000ed800000)
  to   space 6144K, 0% used [0x00000000ecc00000,0x00000000ecc00000,0x00000000ed200000)
 ParOldGen       total 44032K, used 10906K [0x00000000c0400000, 0x00000000c2f00000, 0x00000000eac00000)
  object space 44032K, 24% used [0x00000000c0400000,0x00000000c0ea6938,0x00000000c2f00000)
 Metaspace       used 19495K, capacity 19748K, committed 19968K, reserved 1067008K
  class space    used 1932K, capacity 2023K, committed 2048K, reserved 1048576K
}
Event: 8.564 GC heap before
{Heap before GC invocations=9 (full 0):
 PSYoungGen      total 38912K, used 12543K [0x00000000eac00000, 0x00000000ed800000, 0x0000000100000000)
  eden space 32768K, 29% used [0x00000000eac00000,0x00000000eb560df0,0x00000000ecc00000)
  from space 6144K, 47% used [0x00000000ed200000,0x00000000ed4df038,0x00000000ed800000)
  to   space 6144K, 0% used [0x00000000ecc00000,0x00000000ecc00000,0x00000000ed200000)
 ParOldGen       total 44032K, used 10906K [0x00000000c0400000, 0x00000000c2f00000, 0x00000000eac00000)
  object space 44032K, 24% used [0x00000000c0400000,0x00000000c0ea6938,0x00000000c2f00000)
 Metaspace       used 20875K, capacity 21156K, committed 21296K, reserved 1069056K
  class space    used 2074K, capacity 2151K, committed 2176K, reserved 1048576K
Event: 8.567 GC heap after
Heap after GC invocations=9 (full 0):
 PSYoungGen      total 33792K, used 1664K [0x00000000eac00000, 0x00000000ed800000, 0x0000000100000000)
  eden space 31744K, 0% used [0x00000000eac00000,0x00000000eac00000,0x00000000ecb00000)
  from space 2048K, 81% used [0x00000000ecc00000,0x00000000ecda0088,0x00000000ece00000)
  to   space 6656K, 0% used [0x00000000ed180000,0x00000000ed180000,0x00000000ed800000)
 ParOldGen       total 44032K, used 12092K [0x00000000c0400000, 0x00000000c2f00000, 0x00000000eac00000)
  object space 44032K, 27% used [0x00000000c0400000,0x00000000c0fcf050,0x00000000c2f00000)
 Metaspace       used 20875K, capacity 21156K, committed 21296K, reserved 1069056K
  class space    used 2074K, capacity 2151K, committed 2176K, reserved 1048576K
}
Event: 8.567 GC heap before
{Heap before GC invocations=10 (full 1):
 PSYoungGen      total 33792K, used 1664K [0x00000000eac00000, 0x00000000ed800000, 0x0000000100000000)
  eden space 31744K, 0% used [0x00000000eac00000,0x00000000eac00000,0x00000000ecb00000)
  from space 2048K, 81% used [0x00000000ecc00000,0x00000000ecda0088,0x00000000ece00000)
  to   space 6656K, 0% used [0x00000000ed180000,0x00000000ed180000,0x00000000ed800000)
 ParOldGen       total 44032K, used 12092K [0x00000000c0400000, 0x00000000c2f00000, 0x00000000eac00000)
  object space 44032K, 27% used [0x00000000c0400000,0x00000000c0fcf050,0x00000000c2f00000)
 Metaspace       used 20875K, capacity 21156K, committed 21296K, reserved 1069056K
  class space    used 2074K, capacity 2151K, committed 2176K, reserved 1048576K
Event: 8.628 GC heap after
Heap after GC invocations=10 (full 1):
 PSYoungGen      total 33792K, used 0K [0x00000000eac00000, 0x00000000ed800000, 0x0000000100000000)
  eden space 31744K, 0% used [0x00000000eac00000,0x00000000eac00000,0x00000000ecb00000)
  from space 2048K, 0% used [0x00000000ecc00000,0x00000000ecc00000,0x00000000ece00000)
  to   space 6656K, 0% used [0x00000000ed180000,0x00000000ed180000,0x00000000ed800000)
 ParOldGen       total 35328K, used 7685K [0x00000000c0400000, 0x00000000c2680000, 0x00000000eac00000)
  object space 35328K, 21% used [0x00000000c0400000,0x00000000c0b817e8,0x00000000c2680000)
 Metaspace       used 20875K, capacity 21156K, committed 21296K, reserved 1069056K
  class space    used 2074K, capacity 2151K, committed 2176K, reserved 1048576K
}
Event: 9.905 GC heap before
{Heap before GC invocations=11 (full 1):
 PSYoungGen      total 33792K, used 31744K [0x00000000eac00000, 0x00000000ed800000, 0x0000000100000000)
  eden space 31744K, 100% used [0x00000000eac00000,0x00000000ecb00000,0x00000000ecb00000)
  from space 2048K, 0% used [0x00000000ecc00000,0x00000000ecc00000,0x00000000ece00000)
  to   space 6656K, 0% used [0x00000000ed180000,0x00000000ed180000,0x00000000ed800000)
 ParOldGen       total 35328K, used 7685K [0x00000000c0400000, 0x00000000c2680000, 0x00000000eac00000)
  object space 35328K, 21% used [0x00000000c0400000,0x00000000c0b817e8,0x00000000c2680000)
 Metaspace       used 24883K, capacity 25188K, committed 25472K, reserved 1073152K
  class space    used 2479K, capacity 2599K, committed 2688K, reserved 1048576K
Event: 9.916 GC heap after
Heap after GC invocations=11 (full 1):
 PSYoungGen      total 38912K, used 3520K [0x00000000eac00000, 0x00000000ee180000, 0x0000000100000000)
  eden space 32256K, 0% used [0x00000000eac00000,0x00000000eac00000,0x00000000ecb80000)
  from space 6656K, 52% used [0x00000000ed180000,0x00000000ed4f03f8,0x00000000ed800000)
  to   space 6144K, 0% used [0x00000000ecb80000,0x00000000ecb80000,0x00000000ed180000)
 ParOldGen       total 35328K, used 7693K [0x00000000c0400000, 0x00000000c2680000, 0x00000000eac00000)
  object space 35328K, 21% used [0x00000000c0400000,0x00000000c0b837e8,0x00000000c2680000)
 Metaspace       used 24883K, capacity 25188K, committed 25472K, reserved 1073152K
  class space    used 2479K, capacity 2599K, committed 2688K, reserved 1048576K
}
Event: 11.255 GC heap before
{Heap before GC invocations=12 (full 1):
 PSYoungGen      total 38912K, used 35776K [0x00000000eac00000, 0x00000000ee180000, 0x0000000100000000)
  eden space 32256K, 100% used [0x00000000eac00000,0x00000000ecb80000,0x00000000ecb80000)
  from space 6656K, 52% used [0x00000000ed180000,0x00000000ed4f03f8,0x00000000ed800000)
  to   space 6144K, 0% used [0x00000000ecb80000,0x00000000ecb80000,0x00000000ed180000)
 ParOldGen       total 35328K, used 7693K [0x00000000c0400000, 0x00000000c2680000, 0x00000000eac00000)
  object space 35328K, 21% used [0x00000000c0400000,0x00000000c0b837e8,0x00000000c2680000)
 Metaspace       used 29236K, capacity 29546K, committed 29824K, reserved 1075200K
  class space    used 2995K, capacity 3112K, committed 3200K, reserved 1048576K
Event: 11.262 GC heap after
Heap after GC invocations=12 (full 1):
 PSYoungGen      total 38400K, used 4222K [0x00000000eac00000, 0x00000000ee180000, 0x0000000100000000)
  eden space 32256K, 0% used [0x00000000eac00000,0x00000000eac00000,0x00000000ecb80000)
  from space 6144K, 68% used [0x00000000ecb80000,0x00000000ecf9fa70,0x00000000ed180000)
  to   space 6144K, 0% used [0x00000000edb80000,0x00000000edb80000,0x00000000ee180000)
 ParOldGen       total 35328K, used 9075K [0x00000000c0400000, 0x00000000c2680000, 0x00000000eac00000)
  object space 35328K, 25% used [0x00000000c0400000,0x00000000c0cdcdd0,0x00000000c2680000)
 Metaspace       used 29236K, capacity 29546K, committed 29824K, reserved 1075200K
  class space    used 2995K, capacity 3112K, committed 3200K, reserved 1048576K
}

