# JRE version: Java(TM) SE Runtime Environment (8.0_73-b02) (build 1.8.0_73-b02)
# Java VM: Java HotSpot(TM) 64-Bit Server VM (25.73-b02 mixed mode windows-amd64 compressed oops)
Heap:
 PSYoungGen      total 15360K, used 14566K [0x00000000eac00000, 0x00000000ec800000, 0x0000000100000000)
  eden space 12800K, 94% used [0x00000000eac00000,0x00000000eb7c1a90,0x00000000eb880000)
  from space 2560K, 98% used [0x00000000ebe80000,0x00000000ec0f8020,0x00000000ec100000)
  to   space 6144K, 0% used [0x00000000eb880000,0x00000000eb880000,0x00000000ebe80000)
 ParOldGen       total 44032K, used 10914K [0x00000000c0400000, 0x00000000c2f00000, 0x00000000eac00000)
  object space 44032K, 24% used [0x00000000c0400000,0x00000000c0ea8b58,0x00000000c2f00000)
 Metaspace       used 18511K, capacity 18780K, committed 18944K, reserved 1067008K
  class space    used 1855K, capacity 1955K, committed 2048K, reserved 1048576K
GC Heap History (10 events):
Event: 5.316 GC heap before
{Heap before GC invocations=2 (full 0):
 PSYoungGen      total 18944K, used 18922K [0x00000000eac00000, 0x00000000ec100000, 0x0000000100000000)
  eden space 16384K, 100% used [0x00000000eac00000,0x00000000ebc00000,0x00000000ebc00000)
  from space 2560K, 99% used [0x00000000ebc00000,0x00000000ebe7a808,0x00000000ebe80000)
  to   space 2560K, 0% used [0x00000000ebe80000,0x00000000ebe80000,0x00000000ec100000)
 ParOldGen       total 44032K, used 229K [0x00000000c0400000, 0x00000000c2f00000, 0x00000000eac00000)
  object space 44032K, 0% used [0x00000000c0400000,0x00000000c0439650,0x00000000c2f00000)
 Metaspace       used 9999K, capacity 10212K, committed 10496K, reserved 1058816K
  class space    used 1098K, capacity 1170K, committed 1280K, reserved 1048576K
Event: 5.324 GC heap after
Heap after GC invocations=2 (full 0):
 PSYoungGen      total 18944K, used 2559K [0x00000000eac00000, 0x00000000ec100000, 0x0000000100000000)
  eden space 16384K, 0% used [0x00000000eac00000,0x00000000eac00000,0x00000000ebc00000)
  from space 2560K, 99% used [0x00000000ebe80000,0x00000000ec0fffc8,0x00000000ec100000)
  to   space 2560K, 0% used [0x00000000ebc00000,0x00000000ebc00000,0x00000000ebe80000)
 ParOldGen       total 44032K, used 1747K [0x00000000c0400000, 0x00000000c2f00000, 0x00000000eac00000)
  object space 44032K, 3% used [0x00000000c0400000,0x00000000c05b4f78,0x00000000c2f00000)
 Metaspace       used 9999K, capacity 10212K, committed 10496K, reserved 1058816K
  class space    used 1098K, capacity 1170K, committed 1280K, reserved 1048576K
}
Event: 6.103 GC heap before
{Heap before GC invocations=3 (full 0):
 PSYoungGen      total 18944K, used 18943K [0x00000000eac00000, 0x00000000ec100000, 0x0000000100000000)
  eden space 16384K, 100% used [0x00000000eac00000,0x00000000ebc00000,0x00000000ebc00000)
  from space 2560K, 99% used [0x00000000ebe80000,0x00000000ec0fffc8,0x00000000ec100000)
  to   space 2560K, 0% used [0x00000000ebc00000,0x00000000ebc00000,0x00000000ebe80000)
 ParOldGen       total 44032K, used 1747K [0x00000000c0400000, 0x00000000c2f00000, 0x00000000eac00000)
  object space 44032K, 3% used [0x00000000c0400000,0x00000000c05b4f78,0x00000000c2f00000)
 Metaspace       used 11718K, capacity 11978K, committed 12160K, reserved 1060864K
  class space    used 1246K, capacity 1331K, committed 1408K, reserved 1048576K
Event: 6.111 GC heap after
Heap after GC invocations=3 (full 0):
 PSYoungGen      total 18944K, used 2554K [0x00000000eac00000, 0x00000000ec100000, 0x0000000100000000)
  eden space 16384K, 0% used [0x00000000eac00000,0x00000000eac00000,0x00000000ebc00000)
  from space 2560K, 99% used [0x00000000ebc00000,0x00000000ebe7eab0,0x00000000ebe80000)
  to   space 2560K, 0% used [0x00000000ebe80000,0x00000000ebe80000,0x00000000ec100000)
 ParOldGen       total 44032K, used 4704K [0x00000000c0400000, 0x00000000c2f00000, 0x00000000eac00000)
  object space 44032K, 10% used [0x00000000c0400000,0x00000000c0898130,0x00000000c2f00000)
 Metaspace       used 11718K, capacity 11978K, committed 12160K, reserved 1060864K
  class space    used 1246K, capacity 1331K, committed 1408K, reserved 1048576K
}
Event: 6.538 GC heap before
{Heap before GC invocations=4 (full 0):
 PSYoungGen      total 18944K, used 18938K [0x00000000eac00000, 0x00000000ec100000, 0x0000000100000000)
  eden space 16384K, 100% used [0x00000000eac00000,0x00000000ebc00000,0x00000000ebc00000)
  from space 2560K, 99% used [0x00000000ebc00000,0x00000000ebe7eab0,0x00000000ebe80000)
  to   space 2560K, 0% used [0x00000000ebe80000,0x00000000ebe80000,0x00000000ec100000)
 ParOldGen       total 44032K, used 4704K [0x00000000c0400000, 0x00000000c2f00000, 0x00000000eac00000)
  object space 44032K, 10% used [0x00000000c0400000,0x00000000c0898130,0x00000000c2f00000)
 Metaspace       used 14079K, capacity 14282K, committed 14592K, reserved 1062912K
  class space    used 1391K, capacity 1459K, committed 1536K, reserved 1048576K
Event: 6.544 GC heap after
Heap after GC invocations=4 (full 0):
 PSYoungGen      total 18944K, used 2541K [0x00000000eac00000, 0x00000000ec100000, 0x0000000100000000)
  eden space 16384K, 0% used [0x00000000eac00000,0x00000000eac00000,0x00000000ebc00000)
  from space 2560K, 99% used [0x00000000ebe80000,0x00000000ec0fb5d8,0x00000000ec100000)
  to   space 2560K, 0% used [0x00000000ebc00000,0x00000000ebc00000,0x00000000ebe80000)
 ParOldGen       total 44032K, used 7020K [0x00000000c0400000, 0x00000000c2f00000, 0x00000000eac00000)
  object space 44032K, 15% used [0x00000000c0400000,0x00000000c0adb1a0,0x00000000c2f00000)
 Metaspace       used 14079K, capacity 14282K, committed 14592K, reserved 1062912K
  class space    used 1391K, capacity 1459K, committed 1536K, reserved 1048576K
}
Event: 21.424 GC heap before
{Heap before GC invocations=5 (full 0):
 PSYoungGen      total 18944K, used 18922K [0x00000000eac00000, 0x00000000ec100000, 0x0000000100000000)
  eden space 16384K, 99% used [0x00000000eac00000,0x00000000ebbff480,0x00000000ebc00000)
  from space 2560K, 99% used [0x00000000ebe80000,0x00000000ec0fb5d8,0x00000000ec100000)
  to   space 2560K, 0% used [0x00000000ebc00000,0x00000000ebc00000,0x00000000ebe80000)
 ParOldGen       total 44032K, used 7020K [0x00000000c0400000, 0x00000000c2f00000, 0x00000000eac00000)
  object space 44032K, 15% used [0x00000000c0400000,0x00000000c0adb1a0,0x00000000c2f00000)
 Metaspace       used 16484K, capacity 16748K, committed 16896K, reserved 1064960K
  class space    used 1651K, capacity 1727K, committed 1792K, reserved 1048576K
Event: 21.439 GC heap after
Heap after GC invocations=5 (full 0):
 PSYoungGen      total 18944K, used 2541K [0x00000000eac00000, 0x00000000ec100000, 0x0000000100000000)
  eden space 16384K, 0% used [0x00000000eac00000,0x00000000eac00000,0x00000000ebc00000)
  from space 2560K, 99% used [0x00000000ebc00000,0x00000000ebe7b5d8,0x00000000ebe80000)
  to   space 2560K, 0% used [0x00000000ebe80000,0x00000000ebe80000,0x00000000ec100000)
 ParOldGen       total 44032K, used 8913K [0x00000000c0400000, 0x00000000c2f00000, 0x00000000eac00000)
  object space 44032K, 20% used [0x00000000c0400000,0x00000000c0cb4578,0x00000000c2f00000)
 Metaspace       used 16484K, capacity 16748K, committed 16896K, reserved 1064960K
  class space    used 1651K, capacity 1727K, committed 1792K, reserved 1048576K
}
Event: 23.629 GC heap before
{Heap before GC invocations=6 (full 0):
 PSYoungGen      total 18944K, used 18925K [0x00000000eac00000, 0x00000000ec100000, 0x0000000100000000)
  eden space 16384K, 99% used [0x00000000eac00000,0x00000000ebbfffe0,0x00000000ebc00000)
  from space 2560K, 99% used [0x00000000ebc00000,0x00000000ebe7b5d8,0x00000000ebe80000)
  to   space 2560K, 0% used [0x00000000ebe80000,0x00000000ebe80000,0x00000000ec100000)
 ParOldGen       total 44032K, used 8913K [0x00000000c0400000, 0x00000000c2f00000, 0x00000000eac00000)
  object space 44032K, 20% used [0x00000000c0400000,0x00000000c0cb4578,0x00000000c2f00000)
 Metaspace       used 17773K, capacity 17974K, committed 18304K, reserved 1064960K
  class space    used 1791K, capacity 1857K, committed 1920K, reserved 1048576K
Event: 23.635 GC heap after
Heap after GC invocations=6 (full 0):
 PSYoungGen      total 15360K, used 2528K [0x00000000eac00000, 0x00000000ec800000, 0x0000000100000000)
  eden space 12800K, 0% used [0x00000000eac00000,0x00000000eac00000,0x00000000eb880000)
  from space 2560K, 98% used [0x00000000ebe80000,0x00000000ec0f8020,0x00000000ec100000)
  to   space 6144K, 0% used [0x00000000eb880000,0x00000000eb880000,0x00000000ebe80000)
 ParOldGen       total 44032K, used 10914K [0x00000000c0400000, 0x00000000c2f00000, 0x00000000eac00000)
  object space 44032K, 24% used [0x00000000c0400000,0x00000000c0ea8b58,0x00000000c2f00000)
 Metaspace       used 17773K, capacity 17974K, committed 18304K, reserved 1064960K
  class space    used 1791K, capacity 1857K, committed 1920K, reserved 1048576K
}

